Using pre-set license
Built from '2020.3/staging' branch; Version is '2020.3.30f1 (1fb1bf06830e) revision 2077119'; Using compiler version '192528614'; Build Type 'Release'
OS: 'Windows 11  (10.0.22000) 64bit Core' Language: 'fr' Physical Memory: 16309 MB
BatchMode: 1, IsHumanControllingUs: 0, StartBugReporterOnCrash: 0, Is64bit: 1, IsPro: 0

COMMAND LINE ARGUMENTS:
C:\Program Files\Unity\Hub\Editor\2020.3.30f1\Editor\Unity.exe
-adb2
-batchMode
-noUpm
-name
AssetImportWorker0
-projectPath
D:/WZ2/Projet/WZ2
-logFile
Logs/AssetImportWorker0.log
-srvPort
60852
Successfully changed project path to: D:/WZ2/Projet/WZ2
D:/WZ2/Projet/WZ2
Using Asset Import Pipeline V2.
Refreshing native plugins compatible for Editor in 21.77 ms, found 2 plugins.
Preloading 0 native plugins for Editor in 0.00 ms.
Initialize engine version: 2020.3.30f1 (1fb1bf06830e)
[Subsystems] Discovering subsystems at path C:/Program Files/Unity/Hub/Editor/2020.3.30f1/Editor/Data/Resources/UnitySubsystems
[Subsystems] Discovering subsystems at path D:/WZ2/Projet/WZ2/Assets
GfxDevice: creating device client; threaded=0
Direct3D:
    Version:  Direct3D 11.0 [level 11.1]
    Renderer: NVIDIA GeForce RTX 3060 Ti (ID=0x2486)
    Vendor:   
    VRAM:     8038 MB
    Driver:   31.0.15.2686
Initialize mono
Mono path[0] = 'C:/Program Files/Unity/Hub/Editor/2020.3.30f1/Editor/Data/Managed'
Mono path[1] = 'C:/Program Files/Unity/Hub/Editor/2020.3.30f1/Editor/Data/MonoBleedingEdge/lib/mono/unityjit'
Mono config path = 'C:/Program Files/Unity/Hub/Editor/2020.3.30f1/Editor/Data/MonoBleedingEdge/etc'
Using monoOptions --debugger-agent=transport=dt_socket,embedding=1,server=y,suspend=n,address=127.0.0.1:56732
Begin MonoManager ReloadAssembly
Registering precompiled unity dll's ...
Register platform support module: C:/Program Files/Unity/Hub/Editor/2020.3.30f1/Editor/Data/PlaybackEngines/WindowsStandaloneSupport/UnityEditor.WindowsStandalone.Extensions.dll
Registered in 0.001278 seconds.
Native extension for WindowsStandalone target not found
Refreshing native plugins compatible for Editor in 22.18 ms, found 2 plugins.
Preloading 0 native plugins for Editor in 0.00 ms.
Mono: successfully reloaded assembly
- Completed reload, in  0.384 seconds
Domain Reload Profiling:
	ReloadAssembly (384ms)
		BeginReloadAssembly (41ms)
			ExecutionOrderSort (0ms)
			DisableScriptedObjects (0ms)
			BackupInstance (0ms)
			ReleaseScriptingObjects (0ms)
			CreateAndSetChildDomain (1ms)
		EndReloadAssembly (296ms)
			LoadAssemblies (40ms)
			RebuildTransferFunctionScriptingTraits (0ms)
			SetupTypeCache (86ms)
			ReleaseScriptCaches (0ms)
			RebuildScriptCaches (22ms)
			SetupLoadedEditorAssemblies (117ms)
				LogAssemblyErrors (0ms)
				InitializePlatformSupportModulesInManaged (3ms)
				SetLoadedEditorAssemblies (0ms)
				RefreshPlugins (22ms)
				BeforeProcessingInitializeOnLoad (12ms)
				ProcessInitializeOnLoadAttributes (59ms)
				ProcessInitializeOnLoadMethodAttributes (20ms)
				AfterProcessingInitializeOnLoad (0ms)
				EditorAssembliesLoaded (0ms)
			ExecutionOrderSort2 (0ms)
			AwakeInstancesAfterBackupRestoration (0ms)
Platform modules already initialized, skipping
Registering precompiled user dll's ...
Registered in 0.001335 seconds.
Begin MonoManager ReloadAssembly
Native extension for WindowsStandalone target not found
Refreshing native plugins compatible for Editor in 0.31 ms, found 2 plugins.
Preloading 0 native plugins for Editor in 0.00 ms.
Mono: successfully reloaded assembly
- Completed reload, in  0.652 seconds
Domain Reload Profiling:
	ReloadAssembly (652ms)
		BeginReloadAssembly (95ms)
			ExecutionOrderSort (0ms)
			DisableScriptedObjects (4ms)
			BackupInstance (0ms)
			ReleaseScriptingObjects (0ms)
			CreateAndSetChildDomain (14ms)
		EndReloadAssembly (518ms)
			LoadAssemblies (60ms)
			RebuildTransferFunctionScriptingTraits (0ms)
			SetupTypeCache (160ms)
			ReleaseScriptCaches (0ms)
			RebuildScriptCaches (32ms)
			SetupLoadedEditorAssemblies (215ms)
				LogAssemblyErrors (0ms)
				InitializePlatformSupportModulesInManaged (3ms)
				SetLoadedEditorAssemblies (0ms)
				RefreshPlugins (0ms)
				BeforeProcessingInitializeOnLoad (55ms)
				ProcessInitializeOnLoadAttributes (145ms)
				ProcessInitializeOnLoadMethodAttributes (6ms)
				AfterProcessingInitializeOnLoad (4ms)
				EditorAssembliesLoaded (0ms)
			ExecutionOrderSort2 (0ms)
			AwakeInstancesAfterBackupRestoration (5ms)
Platform modules already initialized, skipping
========================================================================
Worker process is ready to serve import requests
Launched and connected shader compiler UnityShaderCompiler.exe after 0.03 seconds
Refreshing native plugins compatible for Editor in 0.48 ms, found 2 plugins.
Preloading 0 native plugins for Editor in 0.00 ms.
Unloading 1562 Unused Serialized files (Serialized files now loaded: 0)
System memory in use before: 83.0 MB.
System memory in use after: 83.1 MB.

Unloading 16 unused Assets to reduce memory usage. Loaded Objects now: 2015.
Total: 1.916700 ms (FindLiveObjects: 0.092400 ms CreateObjectMapping: 0.029200 ms MarkObjects: 1.747200 ms  DeleteObjects: 0.047300 ms)

AssetImportParameters requested are different than current active one (requested -> active):
  custom:framework-win-MediaFoundation: 216162199b28c13a410421893ffa2e32 -> 
  custom:video-decoder-ogg-theora: a1e56fd34408186e4bbccfd4996cb3dc -> 
  custom:container-muxer-webm: aa71ff27fc2769a1b78a27578f13a17b -> 
  custom:container-demuxer-webm: 4f35f7cbe854078d1ac9338744f61a02 -> 
  custom:container-demuxer-ogg: 62fdf1f143b41e24485cea50d1cbac27 -> 
  custom:video-encoder-webm-vp8: eb34c28f22e8b96e1ab97ce403110664 -> 
  custom:video-codec-MediaFoundation-h265: 746d11721c4dcdbdad8f713fa42b33f4 -> 
  custom:video-decoder-webm-vp8: 9c59270c3fd7afecdb556c50c9e8de78 -> 
  custom:audio-decoder-ogg-vorbis: bf7c407c2cedff20999df2af8eb42d56 -> 
  custom:audio-encoder-webm-vorbis: bf7c407c2cedff20999df2af8eb42d56 -> 
========================================================================
Received Import Request.
  path: Assets/3D/Prefabs/3D/Wheel/Over.fbx
  artifactKey: Guid(1c6cd98d1cbb00746b424bc87c2d5542) Importer(815301076,1909f56bfc062723c751e8b465ee728b)
Start importing Assets/3D/Prefabs/3D/Wheel/Over.fbx using Guid(1c6cd98d1cbb00746b424bc87c2d5542) Importer(815301076,1909f56bfc062723c751e8b465ee728b)  -> (artifact id: 'd3c705ceb86d15bd58fb7a9ad8ee0b49') in 0.252854 seconds 
========================================================================
Received Import Request.
  Time since last request: 100.026358 seconds.
  path: Assets/3D/Prefabs/3D/Wheel/L Heavy wheel 1.prefab
  artifactKey: Guid(2b6dbb87fb7e2964b8adf0301d43dcdf) Importer(815301076,1909f56bfc062723c751e8b465ee728b)
Start importing Assets/3D/Prefabs/3D/Wheel/L Heavy wheel 1.prefab using Guid(2b6dbb87fb7e2964b8adf0301d43dcdf) Importer(815301076,1909f56bfc062723c751e8b465ee728b)  -> (artifact id: '10af194512c36662931ce552d5d5b668') in 0.171790 seconds 
========================================================================
Received Import Request.
  Time since last request: 6.586718 seconds.
  path: Assets/3D/Prefabs/3D/Wheel/L Over.prefab
  artifactKey: Guid(2b6dbb87fb7e2964b8adf0301d43dcdf) Importer(815301076,1909f56bfc062723c751e8b465ee728b)
Start importing Assets/3D/Prefabs/3D/Wheel/L Over.prefab using Guid(2b6dbb87fb7e2964b8adf0301d43dcdf) Importer(815301076,1909f56bfc062723c751e8b465ee728b)  -> (artifact id: '3184c823d3df953b1be40c938292d8ff') in 0.161460 seconds 
========================================================================
Received Import Request.
  Time since last request: 211.105340 seconds.
  path: Assets/Materials/New Material 1.mat
  artifactKey: Guid(0d4e1192997a7304693171007ed8b468) Importer(815301076,1909f56bfc062723c751e8b465ee728b)
Start importing Assets/Materials/New Material 1.mat using Guid(0d4e1192997a7304693171007ed8b468) Importer(815301076,1909f56bfc062723c751e8b465ee728b)  -> (artifact id: '9a80c9881b7b12da236d3c53cd6e2b8f') in 0.184708 seconds 
========================================================================
Received Import Request.
  Time since last request: 112.105405 seconds.
  path: Assets/3D/Prefabs/3D/Wheel/L Over.prefab
  artifactKey: Guid(2b6dbb87fb7e2964b8adf0301d43dcdf) Importer(815301076,1909f56bfc062723c751e8b465ee728b)
Start importing Assets/3D/Prefabs/3D/Wheel/L Over.prefab using Guid(2b6dbb87fb7e2964b8adf0301d43dcdf) Importer(815301076,1909f56bfc062723c751e8b465ee728b)  -> (artifact id: 'acad458f428b0cdb34c3586af5e29e48') in 0.167659 seconds 
========================================================================
Received Import Request.
  Time since last request: 5.690815 seconds.
  path: Assets/3D/Prefabs/3D/Wheel/L Heavy wheel 1.prefab
  artifactKey: Guid(fbb9185c968e5db4691b398f33b42c07) Importer(815301076,1909f56bfc062723c751e8b465ee728b)
Start importing Assets/3D/Prefabs/3D/Wheel/L Heavy wheel 1.prefab using Guid(fbb9185c968e5db4691b398f33b42c07) Importer(815301076,1909f56bfc062723c751e8b465ee728b)  -> (artifact id: '0bd21a166bfe4b358d4130fc396bb35c') in 0.164212 seconds 
========================================================================
Received Import Request.
  Time since last request: 7.956364 seconds.
  path: Assets/3D/Prefabs/3D/Wheel/R Over.prefab
  artifactKey: Guid(fbb9185c968e5db4691b398f33b42c07) Importer(815301076,1909f56bfc062723c751e8b465ee728b)
Start importing Assets/3D/Prefabs/3D/Wheel/R Over.prefab using Guid(fbb9185c968e5db4691b398f33b42c07) Importer(815301076,1909f56bfc062723c751e8b465ee728b)  -> (artifact id: 'd713ddac73bc3768f88f1647d715baab') in 0.158158 seconds 
========================================================================
Received Import Request.
  Time since last request: 14.112900 seconds.
  path: Assets/3D/Prefabs/3D/Wheel/R Over.prefab
  artifactKey: Guid(fbb9185c968e5db4691b398f33b42c07) Importer(815301076,1909f56bfc062723c751e8b465ee728b)
Start importing Assets/3D/Prefabs/3D/Wheel/R Over.prefab using Guid(fbb9185c968e5db4691b398f33b42c07) Importer(815301076,1909f56bfc062723c751e8b465ee728b)  -> (artifact id: 'f6fefdd2059763f9d64af3ae76e6aa15') in 0.161208 seconds 
========================================================================
Received Prepare
Registering precompiled user dll's ...
Registered in 0.001335 seconds.
Begin MonoManager ReloadAssembly
Native extension for WindowsStandalone target not found
Refreshing native plugins compatible for Editor in 0.34 ms, found 2 plugins.
Preloading 0 native plugins for Editor in 0.00 ms.
Mono: successfully reloaded assembly
- Completed reload, in  0.640 seconds
Domain Reload Profiling:
	ReloadAssembly (640ms)
		BeginReloadAssembly (86ms)
			ExecutionOrderSort (0ms)
			DisableScriptedObjects (3ms)
			BackupInstance (0ms)
			ReleaseScriptingObjects (0ms)
			CreateAndSetChildDomain (26ms)
		EndReloadAssembly (513ms)
			LoadAssemblies (61ms)
			RebuildTransferFunctionScriptingTraits (0ms)
			SetupTypeCache (162ms)
			ReleaseScriptCaches (1ms)
			RebuildScriptCaches (27ms)
			SetupLoadedEditorAssemblies (213ms)
				LogAssemblyErrors (0ms)
				InitializePlatformSupportModulesInManaged (3ms)
				SetLoadedEditorAssemblies (0ms)
				RefreshPlugins (0ms)
				BeforeProcessingInitializeOnLoad (53ms)
				ProcessInitializeOnLoadAttributes (143ms)
				ProcessInitializeOnLoadMethodAttributes (8ms)
				AfterProcessingInitializeOnLoad (5ms)
				EditorAssembliesLoaded (0ms)
			ExecutionOrderSort2 (0ms)
			AwakeInstancesAfterBackupRestoration (5ms)
Platform modules already initialized, skipping
Refreshing native plugins compatible for Editor in 0.31 ms, found 2 plugins.
Preloading 0 native plugins for Editor in 0.00 ms.
Unloading 1556 Unused Serialized files (Serialized files now loaded: 0)
System memory in use before: 86.4 MB.
System memory in use after: 86.5 MB.

Unloading 12 unused Assets to reduce memory usage. Loaded Objects now: 2060.
Total: 1.947600 ms (FindLiveObjects: 0.104300 ms CreateObjectMapping: 0.030800 ms MarkObjects: 1.794000 ms  DeleteObjects: 0.017900 ms)

AssetImportParameters requested are different than current active one (requested -> active):
  custom:framework-win-MediaFoundation: 216162199b28c13a410421893ffa2e32 -> 
  custom:video-decoder-ogg-theora: a1e56fd34408186e4bbccfd4996cb3dc -> 
  custom:container-muxer-webm: aa71ff27fc2769a1b78a27578f13a17b -> 
  custom:container-demuxer-webm: 4f35f7cbe854078d1ac9338744f61a02 -> 
  custom:container-demuxer-ogg: 62fdf1f143b41e24485cea50d1cbac27 -> 
  custom:video-encoder-webm-vp8: eb34c28f22e8b96e1ab97ce403110664 -> 
  custom:video-codec-MediaFoundation-h265: 746d11721c4dcdbdad8f713fa42b33f4 -> 
  custom:video-decoder-webm-vp8: 9c59270c3fd7afecdb556c50c9e8de78 -> 
  custom:audio-decoder-ogg-vorbis: bf7c407c2cedff20999df2af8eb42d56 -> 
  custom:audio-encoder-webm-vorbis: bf7c407c2cedff20999df2af8eb42d56 -> 
========================================================================
Received Prepare
Registering precompiled user dll's ...
Registered in 0.001597 seconds.
Begin MonoManager ReloadAssembly
Native extension for WindowsStandalone target not found
Refreshing native plugins compatible for Editor in 0.31 ms, found 2 plugins.
Preloading 0 native plugins for Editor in 0.00 ms.
Mono: successfully reloaded assembly
- Completed reload, in  0.630 seconds
Domain Reload Profiling:
	ReloadAssembly (630ms)
		BeginReloadAssembly (81ms)
			ExecutionOrderSort (0ms)
			DisableScriptedObjects (3ms)
			BackupInstance (0ms)
			ReleaseScriptingObjects (0ms)
			CreateAndSetChildDomain (24ms)
		EndReloadAssembly (509ms)
			LoadAssemblies (58ms)
			RebuildTransferFunctionScriptingTraits (0ms)
			SetupTypeCache (156ms)
			ReleaseScriptCaches (1ms)
			RebuildScriptCaches (29ms)
			SetupLoadedEditorAssemblies (213ms)
				LogAssemblyErrors (0ms)
				InitializePlatformSupportModulesInManaged (3ms)
				SetLoadedEditorAssemblies (0ms)
				RefreshPlugins (0ms)
				BeforeProcessingInitializeOnLoad (52ms)
				ProcessInitializeOnLoadAttributes (146ms)
				ProcessInitializeOnLoadMethodAttributes (6ms)
				AfterProcessingInitializeOnLoad (5ms)
				EditorAssembliesLoaded (0ms)
			ExecutionOrderSort2 (0ms)
			AwakeInstancesAfterBackupRestoration (5ms)
Platform modules already initialized, skipping
Refreshing native plugins compatible for Editor in 0.35 ms, found 2 plugins.
Preloading 0 native plugins for Editor in 0.00 ms.
Unloading 1556 Unused Serialized files (Serialized files now loaded: 0)
System memory in use before: 86.4 MB.
System memory in use after: 86.5 MB.

Unloading 11 unused Assets to reduce memory usage. Loaded Objects now: 2062.
Total: 1.924200 ms (FindLiveObjects: 0.102700 ms CreateObjectMapping: 0.035700 ms MarkObjects: 1.770800 ms  DeleteObjects: 0.014300 ms)

AssetImportParameters requested are different than current active one (requested -> active):
  custom:framework-win-MediaFoundation: 216162199b28c13a410421893ffa2e32 -> 
  custom:video-decoder-ogg-theora: a1e56fd34408186e4bbccfd4996cb3dc -> 
  custom:container-muxer-webm: aa71ff27fc2769a1b78a27578f13a17b -> 
  custom:container-demuxer-webm: 4f35f7cbe854078d1ac9338744f61a02 -> 
  custom:container-demuxer-ogg: 62fdf1f143b41e24485cea50d1cbac27 -> 
  custom:video-encoder-webm-vp8: eb34c28f22e8b96e1ab97ce403110664 -> 
  custom:video-codec-MediaFoundation-h265: 746d11721c4dcdbdad8f713fa42b33f4 -> 
  custom:video-decoder-webm-vp8: 9c59270c3fd7afecdb556c50c9e8de78 -> 
  custom:audio-decoder-ogg-vorbis: bf7c407c2cedff20999df2af8eb42d56 -> 
  custom:audio-encoder-webm-vorbis: bf7c407c2cedff20999df2af8eb42d56 -> 
========================================================================
Received Import Request.
  Time since last request: 372.368674 seconds.
  path: Assets/3D/Prefabs/3D/Wheel/L Over.prefab
  artifactKey: Guid(2b6dbb87fb7e2964b8adf0301d43dcdf) Importer(815301076,1909f56bfc062723c751e8b465ee728b)
Start importing Assets/3D/Prefabs/3D/Wheel/L Over.prefab using Guid(2b6dbb87fb7e2964b8adf0301d43dcdf) Importer(815301076,1909f56bfc062723c751e8b465ee728b)  -> (artifact id: '9dac74cf8da31cdb6b64f4eb5a368b0c') in 0.188440 seconds 
========================================================================
Received Import Request.
  Time since last request: 33.021518 seconds.
  path: Assets/3D/Prefabs/3D/Wheel/R Over.prefab
  artifactKey: Guid(fbb9185c968e5db4691b398f33b42c07) Importer(815301076,1909f56bfc062723c751e8b465ee728b)
Start importing Assets/3D/Prefabs/3D/Wheel/R Over.prefab using Guid(fbb9185c968e5db4691b398f33b42c07) Importer(815301076,1909f56bfc062723c751e8b465ee728b)  -> (artifact id: 'b6ace6204fca28173140e10608e16878') in 0.153427 seconds 
========================================================================
Received Prepare
Registering precompiled user dll's ...
Registered in 0.001332 seconds.
Begin MonoManager ReloadAssembly
Native extension for WindowsStandalone target not found
Refreshing native plugins compatible for Editor in 0.34 ms, found 2 plugins.
Preloading 0 native plugins for Editor in 0.00 ms.
Mono: successfully reloaded assembly
- Completed reload, in  0.620 seconds
Domain Reload Profiling:
	ReloadAssembly (620ms)
		BeginReloadAssembly (81ms)
			ExecutionOrderSort (0ms)
			DisableScriptedObjects (3ms)
			BackupInstance (0ms)
			ReleaseScriptingObjects (0ms)
			CreateAndSetChildDomain (24ms)
		EndReloadAssembly (497ms)
			LoadAssemblies (60ms)
			RebuildTransferFunctionScriptingTraits (0ms)
			SetupTypeCache (151ms)
			ReleaseScriptCaches (1ms)
			RebuildScriptCaches (28ms)
			SetupLoadedEditorAssemblies (205ms)
				LogAssemblyErrors (0ms)
				InitializePlatformSupportModulesInManaged (4ms)
				SetLoadedEditorAssemblies (0ms)
				RefreshPlugins (0ms)
				BeforeProcessingInitializeOnLoad (52ms)
				ProcessInitializeOnLoadAttributes (139ms)
				ProcessInitializeOnLoadMethodAttributes (6ms)
				AfterProcessingInitializeOnLoad (4ms)
				EditorAssembliesLoaded (0ms)
			ExecutionOrderSort2 (0ms)
			AwakeInstancesAfterBackupRestoration (5ms)
Platform modules already initialized, skipping
Refreshing native plugins compatible for Editor in 0.35 ms, found 2 plugins.
Preloading 0 native plugins for Editor in 0.00 ms.
Unloading 1556 Unused Serialized files (Serialized files now loaded: 0)
System memory in use before: 86.4 MB.
System memory in use after: 86.5 MB.

Unloading 11 unused Assets to reduce memory usage. Loaded Objects now: 2065.
Total: 1.965200 ms (FindLiveObjects: 0.092500 ms CreateObjectMapping: 0.036400 ms MarkObjects: 1.822000 ms  DeleteObjects: 0.013600 ms)

AssetImportParameters requested are different than current active one (requested -> active):
  custom:framework-win-MediaFoundation: 216162199b28c13a410421893ffa2e32 -> 
  custom:video-decoder-ogg-theora: a1e56fd34408186e4bbccfd4996cb3dc -> 
  custom:container-muxer-webm: aa71ff27fc2769a1b78a27578f13a17b -> 
  custom:container-demuxer-webm: 4f35f7cbe854078d1ac9338744f61a02 -> 
  custom:container-demuxer-ogg: 62fdf1f143b41e24485cea50d1cbac27 -> 
  custom:video-encoder-webm-vp8: eb34c28f22e8b96e1ab97ce403110664 -> 
  custom:video-codec-MediaFoundation-h265: 746d11721c4dcdbdad8f713fa42b33f4 -> 
  custom:video-decoder-webm-vp8: 9c59270c3fd7afecdb556c50c9e8de78 -> 
  custom:audio-decoder-ogg-vorbis: bf7c407c2cedff20999df2af8eb42d56 -> 
  custom:audio-encoder-webm-vorbis: bf7c407c2cedff20999df2af8eb42d56 -> 
========================================================================
Received Import Request.
  Time since last request: 373.220907 seconds.
  path: Assets/3D/Prefabs/3D/Wheel/L Over.prefab
  artifactKey: Guid(2b6dbb87fb7e2964b8adf0301d43dcdf) Importer(815301076,1909f56bfc062723c751e8b465ee728b)
Start importing Assets/3D/Prefabs/3D/Wheel/L Over.prefab using Guid(2b6dbb87fb7e2964b8adf0301d43dcdf) Importer(815301076,1909f56bfc062723c751e8b465ee728b)  -> (artifact id: 'ecda88ea9ce2aad1abdd3e72e5bf678d') in 0.192036 seconds 
========================================================================
Received Import Request.
  Time since last request: 3.783234 seconds.
  path: Assets/3D/Prefabs/3D/Wheel/L Over.prefab
  artifactKey: Guid(2b6dbb87fb7e2964b8adf0301d43dcdf) Importer(815301076,1909f56bfc062723c751e8b465ee728b)
Start importing Assets/3D/Prefabs/3D/Wheel/L Over.prefab using Guid(2b6dbb87fb7e2964b8adf0301d43dcdf) Importer(815301076,1909f56bfc062723c751e8b465ee728b)  -> (artifact id: '7e3967796a55b2f0d259a44f1a3c14e6') in 0.172781 seconds 
========================================================================
Received Import Request.
  Time since last request: 1.577250 seconds.
  path: Assets/3D/Prefabs/3D/Wheel/L Over.prefab
  artifactKey: Guid(2b6dbb87fb7e2964b8adf0301d43dcdf) Importer(815301076,1909f56bfc062723c751e8b465ee728b)
Start importing Assets/3D/Prefabs/3D/Wheel/L Over.prefab using Guid(2b6dbb87fb7e2964b8adf0301d43dcdf) Importer(815301076,1909f56bfc062723c751e8b465ee728b)  -> (artifact id: '06bef8d996c3e9a90ece8b03be274ec7') in 0.155763 seconds 
========================================================================
Received Import Request.
  Time since last request: 2.190522 seconds.
  path: Assets/3D/Prefabs/3D/Wheel/L Over.prefab
  artifactKey: Guid(2b6dbb87fb7e2964b8adf0301d43dcdf) Importer(815301076,1909f56bfc062723c751e8b465ee728b)
Start importing Assets/3D/Prefabs/3D/Wheel/L Over.prefab using Guid(2b6dbb87fb7e2964b8adf0301d43dcdf) Importer(815301076,1909f56bfc062723c751e8b465ee728b)  -> (artifact id: '925a9452551a9c0f92c7e5b2994717ac') in 0.154394 seconds 
========================================================================
Received Import Request.
  Time since last request: 2.970359 seconds.
  path: Assets/3D/Prefabs/3D/Wheel/R Over.prefab
  artifactKey: Guid(fbb9185c968e5db4691b398f33b42c07) Importer(815301076,1909f56bfc062723c751e8b465ee728b)
Start importing Assets/3D/Prefabs/3D/Wheel/R Over.prefab using Guid(fbb9185c968e5db4691b398f33b42c07) Importer(815301076,1909f56bfc062723c751e8b465ee728b)  -> (artifact id: 'efee43fe199ca0f6c6be32a2ff30aece') in 0.181586 seconds 
========================================================================
Received Import Request.
  Time since last request: 2.372442 seconds.
  path: Assets/3D/Prefabs/3D/Wheel/R Over.prefab
  artifactKey: Guid(fbb9185c968e5db4691b398f33b42c07) Importer(815301076,1909f56bfc062723c751e8b465ee728b)
Start importing Assets/3D/Prefabs/3D/Wheel/R Over.prefab using Guid(fbb9185c968e5db4691b398f33b42c07) Importer(815301076,1909f56bfc062723c751e8b465ee728b)  -> (artifact id: 'f3bd5ddf899af18baba72c38c2041de0') in 0.168365 seconds 
========================================================================
Received Import Request.
  Time since last request: 3.789788 seconds.
  path: Assets/3D/Prefabs/3D/Wheel/R Over.prefab
  artifactKey: Guid(fbb9185c968e5db4691b398f33b42c07) Importer(815301076,1909f56bfc062723c751e8b465ee728b)
Start importing Assets/3D/Prefabs/3D/Wheel/R Over.prefab using Guid(fbb9185c968e5db4691b398f33b42c07) Importer(815301076,1909f56bfc062723c751e8b465ee728b)  -> (artifact id: '1454e41a8c55df89ea4f6fc2061c55fb') in 0.188475 seconds 
========================================================================
Received Prepare
Registering precompiled user dll's ...
Registered in 0.001744 seconds.
Begin MonoManager ReloadAssembly
Native extension for WindowsStandalone target not found
Refreshing native plugins compatible for Editor in 0.32 ms, found 2 plugins.
Preloading 0 native plugins for Editor in 0.00 ms.
Mono: successfully reloaded assembly
- Completed reload, in  0.622 seconds
Domain Reload Profiling:
	ReloadAssembly (623ms)
		BeginReloadAssembly (82ms)
			ExecutionOrderSort (0ms)
			DisableScriptedObjects (3ms)
			BackupInstance (0ms)
			ReleaseScriptingObjects (0ms)
			CreateAndSetChildDomain (25ms)
		EndReloadAssembly (501ms)
			LoadAssemblies (59ms)
			RebuildTransferFunctionScriptingTraits (0ms)
			SetupTypeCache (157ms)
			ReleaseScriptCaches (1ms)
			RebuildScriptCaches (29ms)
			SetupLoadedEditorAssemblies (203ms)
				LogAssemblyErrors (0ms)
				InitializePlatformSupportModulesInManaged (3ms)
				SetLoadedEditorAssemblies (0ms)
				RefreshPlugins (0ms)
				BeforeProcessingInitializeOnLoad (51ms)
				ProcessInitializeOnLoadAttributes (138ms)
				ProcessInitializeOnLoadMethodAttributes (6ms)
				AfterProcessingInitializeOnLoad (4ms)
				EditorAssembliesLoaded (0ms)
			ExecutionOrderSort2 (0ms)
			AwakeInstancesAfterBackupRestoration (4ms)
Platform modules already initialized, skipping
Refreshing native plugins compatible for Editor in 0.30 ms, found 2 plugins.
Preloading 0 native plugins for Editor in 0.00 ms.
Unloading 1556 Unused Serialized files (Serialized files now loaded: 0)
System memory in use before: 86.5 MB.
System memory in use after: 86.6 MB.

Unloading 11 unused Assets to reduce memory usage. Loaded Objects now: 2068.
Total: 1.930300 ms (FindLiveObjects: 0.098700 ms CreateObjectMapping: 0.030000 ms MarkObjects: 1.786900 ms  DeleteObjects: 0.014100 ms)

AssetImportParameters requested are different than current active one (requested -> active):
  custom:framework-win-MediaFoundation: 216162199b28c13a410421893ffa2e32 -> 
  custom:video-decoder-ogg-theora: a1e56fd34408186e4bbccfd4996cb3dc -> 
  custom:container-muxer-webm: aa71ff27fc2769a1b78a27578f13a17b -> 
  custom:container-demuxer-webm: 4f35f7cbe854078d1ac9338744f61a02 -> 
  custom:container-demuxer-ogg: 62fdf1f143b41e24485cea50d1cbac27 -> 
  custom:video-encoder-webm-vp8: eb34c28f22e8b96e1ab97ce403110664 -> 
  custom:video-codec-MediaFoundation-h265: 746d11721c4dcdbdad8f713fa42b33f4 -> 
  custom:video-decoder-webm-vp8: 9c59270c3fd7afecdb556c50c9e8de78 -> 
  custom:audio-decoder-ogg-vorbis: bf7c407c2cedff20999df2af8eb42d56 -> 
  custom:audio-encoder-webm-vorbis: bf7c407c2cedff20999df2af8eb42d56 -> 
========================================================================
Received Import Request.
  Time since last request: 28.565079 seconds.
  path: Assets/3D/Prefabs/3D/Wheel/R Over.prefab
  artifactKey: Guid(fbb9185c968e5db4691b398f33b42c07) Importer(815301076,1909f56bfc062723c751e8b465ee728b)
Start importing Assets/3D/Prefabs/3D/Wheel/R Over.prefab using Guid(fbb9185c968e5db4691b398f33b42c07) Importer(815301076,1909f56bfc062723c751e8b465ee728b)  -> (artifact id: '93e012e9a093af688446951fe2583f23') in 0.184781 seconds 
========================================================================
Received Import Request.
  Time since last request: 1.425948 seconds.
  path: Assets/3D/Prefabs/3D/Wheel/R Over.prefab
  artifactKey: Guid(fbb9185c968e5db4691b398f33b42c07) Importer(815301076,1909f56bfc062723c751e8b465ee728b)
Start importing Assets/3D/Prefabs/3D/Wheel/R Over.prefab using Guid(fbb9185c968e5db4691b398f33b42c07) Importer(815301076,1909f56bfc062723c751e8b465ee728b)  -> (artifact id: '40174a2c9ccd47528adbaea5645619a2') in 0.160447 seconds 
========================================================================
Received Import Request.
  Time since last request: 21.133811 seconds.
  path: Assets/3D/Prefabs/3D/Wheel/L Over.prefab
  artifactKey: Guid(2b6dbb87fb7e2964b8adf0301d43dcdf) Importer(815301076,1909f56bfc062723c751e8b465ee728b)
Start importing Assets/3D/Prefabs/3D/Wheel/L Over.prefab using Guid(2b6dbb87fb7e2964b8adf0301d43dcdf) Importer(815301076,1909f56bfc062723c751e8b465ee728b)  -> (artifact id: '94e539ada8d4ee65618995b6019c6da2') in 0.158968 seconds 
========================================================================
Received Import Request.
  Time since last request: 9.628671 seconds.
  path: Assets/3D/Prefabs/3D/Wheel/L Over.prefab
  artifactKey: Guid(2b6dbb87fb7e2964b8adf0301d43dcdf) Importer(815301076,1909f56bfc062723c751e8b465ee728b)
Start importing Assets/3D/Prefabs/3D/Wheel/L Over.prefab using Guid(2b6dbb87fb7e2964b8adf0301d43dcdf) Importer(815301076,1909f56bfc062723c751e8b465ee728b)  -> (artifact id: '480c811b5d99b202eef87271fd240878') in 0.239350 seconds 
========================================================================
Received Import Request.
  Time since last request: 2.558378 seconds.
  path: Assets/3D/Prefabs/3D/Wheel/L Over.prefab
  artifactKey: Guid(2b6dbb87fb7e2964b8adf0301d43dcdf) Importer(815301076,1909f56bfc062723c751e8b465ee728b)
Start importing Assets/3D/Prefabs/3D/Wheel/L Over.prefab using Guid(2b6dbb87fb7e2964b8adf0301d43dcdf) Importer(815301076,1909f56bfc062723c751e8b465ee728b)  -> (artifact id: 'b8c3c301ef7206769176a209b4a01848') in 0.175488 seconds 
========================================================================
Received Prepare
Registering precompiled user dll's ...
Registered in 0.001397 seconds.
Begin MonoManager ReloadAssembly
Native extension for WindowsStandalone target not found
Refreshing native plugins compatible for Editor in 0.31 ms, found 2 plugins.
Preloading 0 native plugins for Editor in 0.00 ms.
Mono: successfully reloaded assembly
- Completed reload, in  0.613 seconds
Domain Reload Profiling:
	ReloadAssembly (613ms)
		BeginReloadAssembly (80ms)
			ExecutionOrderSort (0ms)
			DisableScriptedObjects (3ms)
			BackupInstance (0ms)
			ReleaseScriptingObjects (0ms)
			CreateAndSetChildDomain (22ms)
		EndReloadAssembly (495ms)
			LoadAssemblies (59ms)
			RebuildTransferFunctionScriptingTraits (0ms)
			SetupTypeCache (152ms)
			ReleaseScriptCaches (1ms)
			RebuildScriptCaches (27ms)
			SetupLoadedEditorAssemblies (205ms)
				LogAssemblyErrors (0ms)
				InitializePlatformSupportModulesInManaged (3ms)
				SetLoadedEditorAssemblies (0ms)
				RefreshPlugins (0ms)
				BeforeProcessingInitializeOnLoad (50ms)
				ProcessInitializeOnLoadAttributes (140ms)
				ProcessInitializeOnLoadMethodAttributes (6ms)
				AfterProcessingInitializeOnLoad (4ms)
				EditorAssembliesLoaded (0ms)
			ExecutionOrderSort2 (0ms)
			AwakeInstancesAfterBackupRestoration (5ms)
Platform modules already initialized, skipping
Refreshing native plugins compatible for Editor in 0.30 ms, found 2 plugins.
Preloading 0 native plugins for Editor in 0.00 ms.
Unloading 1556 Unused Serialized files (Serialized files now loaded: 0)
System memory in use before: 86.5 MB.
System memory in use after: 86.6 MB.

Unloading 11 unused Assets to reduce memory usage. Loaded Objects now: 2071.
Total: 1.913700 ms (FindLiveObjects: 0.102600 ms CreateObjectMapping: 0.029900 ms MarkObjects: 1.767200 ms  DeleteObjects: 0.013400 ms)

AssetImportParameters requested are different than current active one (requested -> active):
  custom:framework-win-MediaFoundation: 216162199b28c13a410421893ffa2e32 -> 
  custom:video-decoder-ogg-theora: a1e56fd34408186e4bbccfd4996cb3dc -> 
  custom:container-muxer-webm: aa71ff27fc2769a1b78a27578f13a17b -> 
  custom:container-demuxer-webm: 4f35f7cbe854078d1ac9338744f61a02 -> 
  custom:container-demuxer-ogg: 62fdf1f143b41e24485cea50d1cbac27 -> 
  custom:video-encoder-webm-vp8: eb34c28f22e8b96e1ab97ce403110664 -> 
  custom:video-codec-MediaFoundation-h265: 746d11721c4dcdbdad8f713fa42b33f4 -> 
  custom:video-decoder-webm-vp8: 9c59270c3fd7afecdb556c50c9e8de78 -> 
  custom:audio-decoder-ogg-vorbis: bf7c407c2cedff20999df2af8eb42d56 -> 
  custom:audio-encoder-webm-vorbis: bf7c407c2cedff20999df2af8eb42d56 -> 
========================================================================
Received Import Request.
  Time since last request: 86.161808 seconds.
  path: Assets/3D/Prefabs/3D/Wheel/R Over.prefab
  artifactKey: Guid(fbb9185c968e5db4691b398f33b42c07) Importer(815301076,1909f56bfc062723c751e8b465ee728b)
Start importing Assets/3D/Prefabs/3D/Wheel/R Over.prefab using Guid(fbb9185c968e5db4691b398f33b42c07) Importer(815301076,1909f56bfc062723c751e8b465ee728b)  -> (artifact id: '01cae3a17c7f011224c7be170e1b43df') in 0.184349 seconds 
========================================================================
Received Import Request.
  Time since last request: 11.865419 seconds.
  path: Assets/3D/Prefabs/3D/Wheel/L Over.prefab
  artifactKey: Guid(2b6dbb87fb7e2964b8adf0301d43dcdf) Importer(815301076,1909f56bfc062723c751e8b465ee728b)
Start importing Assets/3D/Prefabs/3D/Wheel/L Over.prefab using Guid(2b6dbb87fb7e2964b8adf0301d43dcdf) Importer(815301076,1909f56bfc062723c751e8b465ee728b)  -> (artifact id: '965749b5c09e3f3a5fece7e215797645') in 0.169548 seconds 
========================================================================
Received Prepare
Registering precompiled user dll's ...
Registered in 0.001284 seconds.
Begin MonoManager ReloadAssembly
Native extension for WindowsStandalone target not found
Refreshing native plugins compatible for Editor in 0.32 ms, found 2 plugins.
Preloading 0 native plugins for Editor in 0.00 ms.
Mono: successfully reloaded assembly
- Completed reload, in  0.627 seconds
Domain Reload Profiling:
	ReloadAssembly (628ms)
		BeginReloadAssembly (85ms)
			ExecutionOrderSort (0ms)
			DisableScriptedObjects (3ms)
			BackupInstance (0ms)
			ReleaseScriptingObjects (0ms)
			CreateAndSetChildDomain (25ms)
		EndReloadAssembly (499ms)
			LoadAssemblies (63ms)
			RebuildTransferFunctionScriptingTraits (0ms)
			SetupTypeCache (158ms)
			ReleaseScriptCaches (1ms)
			RebuildScriptCaches (29ms)
			SetupLoadedEditorAssemblies (199ms)
				LogAssemblyErrors (0ms)
				InitializePlatformSupportModulesInManaged (4ms)
				SetLoadedEditorAssemblies (0ms)
				RefreshPlugins (0ms)
				BeforeProcessingInitializeOnLoad (50ms)
				ProcessInitializeOnLoadAttributes (134ms)
				ProcessInitializeOnLoadMethodAttributes (6ms)
				AfterProcessingInitializeOnLoad (4ms)
				EditorAssembliesLoaded (0ms)
			ExecutionOrderSort2 (0ms)
			AwakeInstancesAfterBackupRestoration (5ms)
Platform modules already initialized, skipping
Refreshing native plugins compatible for Editor in 0.31 ms, found 2 plugins.
Preloading 0 native plugins for Editor in 0.00 ms.
Unloading 1556 Unused Serialized files (Serialized files now loaded: 0)
System memory in use before: 86.5 MB.
System memory in use after: 86.6 MB.

Unloading 11 unused Assets to reduce memory usage. Loaded Objects now: 2074.
Total: 2.238400 ms (FindLiveObjects: 0.099700 ms CreateObjectMapping: 0.028900 ms MarkObjects: 2.092500 ms  DeleteObjects: 0.016700 ms)

AssetImportParameters requested are different than current active one (requested -> active):
  custom:framework-win-MediaFoundation: 216162199b28c13a410421893ffa2e32 -> 
  custom:video-decoder-ogg-theora: a1e56fd34408186e4bbccfd4996cb3dc -> 
  custom:container-muxer-webm: aa71ff27fc2769a1b78a27578f13a17b -> 
  custom:container-demuxer-webm: 4f35f7cbe854078d1ac9338744f61a02 -> 
  custom:container-demuxer-ogg: 62fdf1f143b41e24485cea50d1cbac27 -> 
  custom:video-encoder-webm-vp8: eb34c28f22e8b96e1ab97ce403110664 -> 
  custom:video-codec-MediaFoundation-h265: 746d11721c4dcdbdad8f713fa42b33f4 -> 
  custom:video-decoder-webm-vp8: 9c59270c3fd7afecdb556c50c9e8de78 -> 
  custom:audio-decoder-ogg-vorbis: bf7c407c2cedff20999df2af8eb42d56 -> 
  custom:audio-encoder-webm-vorbis: bf7c407c2cedff20999df2af8eb42d56 -> 
========================================================================
Received Prepare
Registering precompiled user dll's ...
Registered in 0.001415 seconds.
Begin MonoManager ReloadAssembly
Native extension for WindowsStandalone target not found
Refreshing native plugins compatible for Editor in 0.31 ms, found 2 plugins.
Preloading 0 native plugins for Editor in 0.00 ms.
Mono: successfully reloaded assembly
- Completed reload, in  0.608 seconds
Domain Reload Profiling:
	ReloadAssembly (608ms)
		BeginReloadAssembly (77ms)
			ExecutionOrderSort (0ms)
			DisableScriptedObjects (3ms)
			BackupInstance (0ms)
			ReleaseScriptingObjects (0ms)
			CreateAndSetChildDomain (21ms)
		EndReloadAssembly (491ms)
			LoadAssemblies (59ms)
			RebuildTransferFunctionScriptingTraits (0ms)
			SetupTypeCache (151ms)
			ReleaseScriptCaches (1ms)
			RebuildScriptCaches (28ms)
			SetupLoadedEditorAssemblies (201ms)
				LogAssemblyErrors (0ms)
				InitializePlatformSupportModulesInManaged (3ms)
				SetLoadedEditorAssemblies (0ms)
				RefreshPlugins (0ms)
				BeforeProcessingInitializeOnLoad (51ms)
				ProcessInitializeOnLoadAttributes (136ms)
				ProcessInitializeOnLoadMethodAttributes (6ms)
				AfterProcessingInitializeOnLoad (4ms)
				EditorAssembliesLoaded (0ms)
			ExecutionOrderSort2 (0ms)
			AwakeInstancesAfterBackupRestoration (4ms)
Platform modules already initialized, skipping
Refreshing native plugins compatible for Editor in 0.31 ms, found 2 plugins.
Preloading 0 native plugins for Editor in 0.00 ms.
Unloading 1556 Unused Serialized files (Serialized files now loaded: 0)
System memory in use before: 86.5 MB.
System memory in use after: 86.6 MB.

Unloading 11 unused Assets to reduce memory usage. Loaded Objects now: 2076.
Total: 1.971500 ms (FindLiveObjects: 0.095800 ms CreateObjectMapping: 0.028900 ms MarkObjects: 1.832000 ms  DeleteObjects: 0.014100 ms)

AssetImportParameters requested are different than current active one (requested -> active):
  custom:framework-win-MediaFoundation: 216162199b28c13a410421893ffa2e32 -> 
  custom:video-decoder-ogg-theora: a1e56fd34408186e4bbccfd4996cb3dc -> 
  custom:container-muxer-webm: aa71ff27fc2769a1b78a27578f13a17b -> 
  custom:container-demuxer-webm: 4f35f7cbe854078d1ac9338744f61a02 -> 
  custom:container-demuxer-ogg: 62fdf1f143b41e24485cea50d1cbac27 -> 
  custom:video-encoder-webm-vp8: eb34c28f22e8b96e1ab97ce403110664 -> 
  custom:video-codec-MediaFoundation-h265: 746d11721c4dcdbdad8f713fa42b33f4 -> 
  custom:video-decoder-webm-vp8: 9c59270c3fd7afecdb556c50c9e8de78 -> 
  custom:audio-decoder-ogg-vorbis: bf7c407c2cedff20999df2af8eb42d56 -> 
  custom:audio-encoder-webm-vorbis: bf7c407c2cedff20999df2af8eb42d56 -> 
========================================================================
Received Import Request.
  Time since last request: 3848.739208 seconds.
  path: Assets/3D/Prefabs/3D/Wheel/LLegs.fbx
  artifactKey: Guid(e61ecf22cc45bc747b0070215929c215) Importer(815301076,1909f56bfc062723c751e8b465ee728b)
Start importing Assets/3D/Prefabs/3D/Wheel/LLegs.fbx using Guid(e61ecf22cc45bc747b0070215929c215) Importer(815301076,1909f56bfc062723c751e8b465ee728b)  -> (artifact id: '7f4a9a955b82740c93622e19f638ef1d') in 0.375833 seconds 
========================================================================
Received Import Request.
  Time since last request: 26.865869 seconds.
  path: Assets/3D/Models/Wheels/RLegs.fbx
  artifactKey: Guid(7045a856551d83b4cbff626654a47666) Importer(815301076,1909f56bfc062723c751e8b465ee728b)
Start importing Assets/3D/Models/Wheels/RLegs.fbx using Guid(7045a856551d83b4cbff626654a47666) Importer(815301076,1909f56bfc062723c751e8b465ee728b)  -> (artifact id: 'cb211f2d0eabaf8a66cee1bb318d99b2') in 0.367162 seconds 
========================================================================
Received Import Request.
  Time since last request: 186.962269 seconds.
  path: Assets/3D/Prefabs/3D/Wheel/RLeg.prefab
  artifactKey: Guid(78222f20652534c4b9a0322c3a08a187) Importer(815301076,1909f56bfc062723c751e8b465ee728b)
Start importing Assets/3D/Prefabs/3D/Wheel/RLeg.prefab using Guid(78222f20652534c4b9a0322c3a08a187) Importer(815301076,1909f56bfc062723c751e8b465ee728b)  -> (artifact id: '2beb344ebaa5ac81718c3468235fbe1c') in 0.165358 seconds 
========================================================================
Received Import Request.
  Time since last request: 3.593164 seconds.
  path: Assets/3D/Prefabs/3D/Wheel/LLeg.prefab
  artifactKey: Guid(e20525b708a804c4fa2ad2213b44dcfe) Importer(815301076,1909f56bfc062723c751e8b465ee728b)
Start importing Assets/3D/Prefabs/3D/Wheel/LLeg.prefab using Guid(e20525b708a804c4fa2ad2213b44dcfe) Importer(815301076,1909f56bfc062723c751e8b465ee728b)  -> (artifact id: 'ca907ffd6967bf82814e334bf87b7d1b') in 0.158975 seconds 
========================================================================
Received Import Request.
  Time since last request: 3.338922 seconds.
  path: Assets/3D/Prefabs/3D/Wheel/L Leg.prefab
  artifactKey: Guid(e20525b708a804c4fa2ad2213b44dcfe) Importer(815301076,1909f56bfc062723c751e8b465ee728b)
Start importing Assets/3D/Prefabs/3D/Wheel/L Leg.prefab using Guid(e20525b708a804c4fa2ad2213b44dcfe) Importer(815301076,1909f56bfc062723c751e8b465ee728b)  -> (artifact id: 'f67048c74b9e1750ae996c4ffef9efb2') in 0.158209 seconds 
========================================================================
Received Import Request.
  Time since last request: 4.003054 seconds.
  path: Assets/3D/Prefabs/3D/Wheel/R Leg.prefab
  artifactKey: Guid(78222f20652534c4b9a0322c3a08a187) Importer(815301076,1909f56bfc062723c751e8b465ee728b)
Start importing Assets/3D/Prefabs/3D/Wheel/R Leg.prefab using Guid(78222f20652534c4b9a0322c3a08a187) Importer(815301076,1909f56bfc062723c751e8b465ee728b)  -> (artifact id: '602fc3d7dd2fe609d9c680cc654a2124') in 0.159155 seconds 
========================================================================
Received Prepare
Registering precompiled user dll's ...
Registered in 0.001445 seconds.
Begin MonoManager ReloadAssembly
Native extension for WindowsStandalone target not found
Refreshing native plugins compatible for Editor in 0.35 ms, found 2 plugins.
Preloading 0 native plugins for Editor in 0.00 ms.
Mono: successfully reloaded assembly
- Completed reload, in  0.820 seconds
Domain Reload Profiling:
	ReloadAssembly (820ms)
		BeginReloadAssembly (138ms)
			ExecutionOrderSort (0ms)
			DisableScriptedObjects (4ms)
			BackupInstance (0ms)
			ReleaseScriptingObjects (0ms)
			CreateAndSetChildDomain (58ms)
		EndReloadAssembly (627ms)
			LoadAssemblies (85ms)
			RebuildTransferFunctionScriptingTraits (0ms)
			SetupTypeCache (251ms)
			ReleaseScriptCaches (1ms)
			RebuildScriptCaches (34ms)
			SetupLoadedEditorAssemblies (219ms)
				LogAssemblyErrors (0ms)
				InitializePlatformSupportModulesInManaged (3ms)
				SetLoadedEditorAssemblies (0ms)
				RefreshPlugins (0ms)
				BeforeProcessingInitializeOnLoad (52ms)
				ProcessInitializeOnLoadAttributes (152ms)
				ProcessInitializeOnLoadMethodAttributes (7ms)
				AfterProcessingInitializeOnLoad (4ms)
				EditorAssembliesLoaded (0ms)
			ExecutionOrderSort2 (0ms)
			AwakeInstancesAfterBackupRestoration (5ms)
Platform modules already initialized, skipping
Refreshing native plugins compatible for Editor in 0.33 ms, found 2 plugins.
Preloading 0 native plugins for Editor in 0.00 ms.
Unloading 1556 Unused Serialized files (Serialized files now loaded: 0)
System memory in use before: 86.7 MB.
System memory in use after: 86.9 MB.

Unloading 12 unused Assets to reduce memory usage. Loaded Objects now: 2079.
Total: 2.121300 ms (FindLiveObjects: 0.112500 ms CreateObjectMapping: 0.036500 ms MarkObjects: 1.952600 ms  DeleteObjects: 0.018900 ms)

AssetImportParameters requested are different than current active one (requested -> active):
  custom:framework-win-MediaFoundation: 216162199b28c13a410421893ffa2e32 -> 
  custom:video-decoder-ogg-theora: a1e56fd34408186e4bbccfd4996cb3dc -> 
  custom:container-muxer-webm: aa71ff27fc2769a1b78a27578f13a17b -> 
  custom:container-demuxer-webm: 4f35f7cbe854078d1ac9338744f61a02 -> 
  custom:container-demuxer-ogg: 62fdf1f143b41e24485cea50d1cbac27 -> 
  custom:video-encoder-webm-vp8: eb34c28f22e8b96e1ab97ce403110664 -> 
  custom:video-codec-MediaFoundation-h265: 746d11721c4dcdbdad8f713fa42b33f4 -> 
  custom:video-decoder-webm-vp8: 9c59270c3fd7afecdb556c50c9e8de78 -> 
  custom:audio-decoder-ogg-vorbis: bf7c407c2cedff20999df2af8eb42d56 -> 
  custom:audio-encoder-webm-vorbis: bf7c407c2cedff20999df2af8eb42d56 -> 
========================================================================
Received Import Request.
  Time since last request: 51.491577 seconds.
  path: Assets/Scripts/Ressources/WheelContainer.cs
  artifactKey: Guid(398a0669afeb8864da95e8275cf5fc46) Importer(815301076,1909f56bfc062723c751e8b465ee728b)
Start importing Assets/Scripts/Ressources/WheelContainer.cs using Guid(398a0669afeb8864da95e8275cf5fc46) Importer(815301076,1909f56bfc062723c751e8b465ee728b)  -> (artifact id: '0cf6e6c45ce6420bbefa7fcc85bce29b') in 0.108520 seconds 
========================================================================
Received Prepare
Registering precompiled user dll's ...
Registered in 0.001311 seconds.
Begin MonoManager ReloadAssembly
Native extension for WindowsStandalone target not found
Refreshing native plugins compatible for Editor in 0.44 ms, found 2 plugins.
Preloading 0 native plugins for Editor in 0.00 ms.
Mono: successfully reloaded assembly
- Completed reload, in  0.748 seconds
Domain Reload Profiling:
	ReloadAssembly (748ms)
		BeginReloadAssembly (94ms)
			ExecutionOrderSort (0ms)
			DisableScriptedObjects (4ms)
			BackupInstance (0ms)
			ReleaseScriptingObjects (0ms)
			CreateAndSetChildDomain (27ms)
		EndReloadAssembly (610ms)
			LoadAssemblies (73ms)
			RebuildTransferFunctionScriptingTraits (0ms)
			SetupTypeCache (183ms)
			ReleaseScriptCaches (1ms)
			RebuildScriptCaches (34ms)
			SetupLoadedEditorAssemblies (255ms)
				LogAssemblyErrors (0ms)
				InitializePlatformSupportModulesInManaged (5ms)
				SetLoadedEditorAssemblies (1ms)
				RefreshPlugins (0ms)
				BeforeProcessingInitializeOnLoad (68ms)
				ProcessInitializeOnLoadAttributes (168ms)
				ProcessInitializeOnLoadMethodAttributes (7ms)
				AfterProcessingInitializeOnLoad (6ms)
				EditorAssembliesLoaded (0ms)
			ExecutionOrderSort2 (0ms)
			AwakeInstancesAfterBackupRestoration (5ms)
Platform modules already initialized, skipping
Refreshing native plugins compatible for Editor in 0.33 ms, found 2 plugins.
Preloading 0 native plugins for Editor in 0.00 ms.
Unloading 1556 Unused Serialized files (Serialized files now loaded: 0)
System memory in use before: 86.7 MB.
System memory in use after: 86.9 MB.

Unloading 11 unused Assets to reduce memory usage. Loaded Objects now: 2081.
Total: 2.237100 ms (FindLiveObjects: 0.123300 ms CreateObjectMapping: 0.038400 ms MarkObjects: 2.058100 ms  DeleteObjects: 0.016300 ms)

AssetImportParameters requested are different than current active one (requested -> active):
  custom:framework-win-MediaFoundation: 216162199b28c13a410421893ffa2e32 -> 
  custom:video-decoder-ogg-theora: a1e56fd34408186e4bbccfd4996cb3dc -> 
  custom:container-muxer-webm: aa71ff27fc2769a1b78a27578f13a17b -> 
  custom:container-demuxer-webm: 4f35f7cbe854078d1ac9338744f61a02 -> 
  custom:container-demuxer-ogg: 62fdf1f143b41e24485cea50d1cbac27 -> 
  custom:video-encoder-webm-vp8: eb34c28f22e8b96e1ab97ce403110664 -> 
  custom:video-codec-MediaFoundation-h265: 746d11721c4dcdbdad8f713fa42b33f4 -> 
  custom:video-decoder-webm-vp8: 9c59270c3fd7afecdb556c50c9e8de78 -> 
  custom:audio-decoder-ogg-vorbis: bf7c407c2cedff20999df2af8eb42d56 -> 
  custom:audio-encoder-webm-vorbis: bf7c407c2cedff20999df2af8eb42d56 -> 
========================================================================
Received Prepare
Registering precompiled user dll's ...
Registered in 0.001279 seconds.
Begin MonoManager ReloadAssembly
Native extension for WindowsStandalone target not found
Refreshing native plugins compatible for Editor in 0.32 ms, found 2 plugins.
Preloading 0 native plugins for Editor in 0.00 ms.
Mono: successfully reloaded assembly
- Completed reload, in  0.632 seconds
Domain Reload Profiling:
	ReloadAssembly (632ms)
		BeginReloadAssembly (78ms)
			ExecutionOrderSort (0ms)
			DisableScriptedObjects (3ms)
			BackupInstance (0ms)
			ReleaseScriptingObjects (0ms)
			CreateAndSetChildDomain (22ms)
		EndReloadAssembly (514ms)
			LoadAssemblies (60ms)
			RebuildTransferFunctionScriptingTraits (0ms)
			SetupTypeCache (168ms)
			ReleaseScriptCaches (1ms)
			RebuildScriptCaches (30ms)
			SetupLoadedEditorAssemblies (203ms)
				LogAssemblyErrors (0ms)
				InitializePlatformSupportModulesInManaged (3ms)
				SetLoadedEditorAssemblies (0ms)
				RefreshPlugins (0ms)
				BeforeProcessingInitializeOnLoad (51ms)
				ProcessInitializeOnLoadAttributes (138ms)
				ProcessInitializeOnLoadMethodAttributes (6ms)
				AfterProcessingInitializeOnLoad (4ms)
				EditorAssembliesLoaded (0ms)
			ExecutionOrderSort2 (0ms)
			AwakeInstancesAfterBackupRestoration (4ms)
Platform modules already initialized, skipping
Refreshing native plugins compatible for Editor in 0.31 ms, found 2 plugins.
Preloading 0 native plugins for Editor in 0.00 ms.
Unloading 1556 Unused Serialized files (Serialized files now loaded: 0)
System memory in use before: 86.8 MB.
System memory in use after: 86.9 MB.

Unloading 11 unused Assets to reduce memory usage. Loaded Objects now: 2083.
Total: 1.926200 ms (FindLiveObjects: 0.108100 ms CreateObjectMapping: 0.035800 ms MarkObjects: 1.767400 ms  DeleteObjects: 0.014300 ms)

AssetImportParameters requested are different than current active one (requested -> active):
  custom:framework-win-MediaFoundation: 216162199b28c13a410421893ffa2e32 -> 
  custom:video-decoder-ogg-theora: a1e56fd34408186e4bbccfd4996cb3dc -> 
  custom:container-muxer-webm: aa71ff27fc2769a1b78a27578f13a17b -> 
  custom:container-demuxer-webm: 4f35f7cbe854078d1ac9338744f61a02 -> 
  custom:container-demuxer-ogg: 62fdf1f143b41e24485cea50d1cbac27 -> 
  custom:video-encoder-webm-vp8: eb34c28f22e8b96e1ab97ce403110664 -> 
  custom:video-codec-MediaFoundation-h265: 746d11721c4dcdbdad8f713fa42b33f4 -> 
  custom:video-decoder-webm-vp8: 9c59270c3fd7afecdb556c50c9e8de78 -> 
  custom:audio-decoder-ogg-vorbis: bf7c407c2cedff20999df2af8eb42d56 -> 
  custom:audio-encoder-webm-vorbis: bf7c407c2cedff20999df2af8eb42d56 -> 
========================================================================
Received Import Request.
  Time since last request: 35.740303 seconds.
  path: Assets/3D/Prefabs/3D/Wheel/L Spider wheel.prefab
  artifactKey: Guid(e20525b708a804c4fa2ad2213b44dcfe) Importer(815301076,1909f56bfc062723c751e8b465ee728b)
Start importing Assets/3D/Prefabs/3D/Wheel/L Spider wheel.prefab using Guid(e20525b708a804c4fa2ad2213b44dcfe) Importer(815301076,1909f56bfc062723c751e8b465ee728b)  -> (artifact id: 'ec2f85e8a2aba27e2bb14b65fb085993') in 0.197994 seconds 
========================================================================
Received Import Request.
  Time since last request: 5.640714 seconds.
  path: Assets/3D/Prefabs/3D/Wheel/R Spider wheel.prefab
  artifactKey: Guid(78222f20652534c4b9a0322c3a08a187) Importer(815301076,1909f56bfc062723c751e8b465ee728b)
Start importing Assets/3D/Prefabs/3D/Wheel/R Spider wheel.prefab using Guid(78222f20652534c4b9a0322c3a08a187) Importer(815301076,1909f56bfc062723c751e8b465ee728b)  -> (artifact id: '8067992963a56d2c8e1ff6f4e9af1835') in 0.157614 seconds 
========================================================================
Received Import Request.
  Time since last request: 133.173728 seconds.
  path: Assets/Materials/New Material 1.mat
  artifactKey: Guid(0d4e1192997a7304693171007ed8b468) Importer(815301076,1909f56bfc062723c751e8b465ee728b)
Start importing Assets/Materials/New Material 1.mat using Guid(0d4e1192997a7304693171007ed8b468) Importer(815301076,1909f56bfc062723c751e8b465ee728b)  -> (artifact id: '6212630b858067a519f02c3450b4ff72') in 0.194002 seconds 
========================================================================
Received Prepare
Registering precompiled user dll's ...
Registered in 0.001283 seconds.
Begin MonoManager ReloadAssembly
Native extension for WindowsStandalone target not found
Refreshing native plugins compatible for Editor in 0.31 ms, found 2 plugins.
Preloading 0 native plugins for Editor in 0.00 ms.
Mono: successfully reloaded assembly
- Completed reload, in  0.622 seconds
Domain Reload Profiling:
	ReloadAssembly (623ms)
		BeginReloadAssembly (79ms)
			ExecutionOrderSort (0ms)
			DisableScriptedObjects (3ms)
			BackupInstance (0ms)
			ReleaseScriptingObjects (0ms)
			CreateAndSetChildDomain (23ms)
		EndReloadAssembly (504ms)
			LoadAssemblies (59ms)
			RebuildTransferFunctionScriptingTraits (0ms)
			SetupTypeCache (166ms)
			ReleaseScriptCaches (1ms)
			RebuildScriptCaches (29ms)
			SetupLoadedEditorAssemblies (196ms)
				LogAssemblyErrors (0ms)
				InitializePlatformSupportModulesInManaged (3ms)
				SetLoadedEditorAssemblies (0ms)
				RefreshPlugins (0ms)
				BeforeProcessingInitializeOnLoad (50ms)
				ProcessInitializeOnLoadAttributes (132ms)
				ProcessInitializeOnLoadMethodAttributes (6ms)
				AfterProcessingInitializeOnLoad (4ms)
				EditorAssembliesLoaded (0ms)
			ExecutionOrderSort2 (0ms)
			AwakeInstancesAfterBackupRestoration (4ms)
Platform modules already initialized, skipping
Refreshing native plugins compatible for Editor in 0.33 ms, found 2 plugins.
Preloading 0 native plugins for Editor in 0.00 ms.
Unloading 1556 Unused Serialized files (Serialized files now loaded: 0)
System memory in use before: 86.8 MB.
System memory in use after: 86.9 MB.

Unloading 12 unused Assets to reduce memory usage. Loaded Objects now: 2086.
Total: 2.037900 ms (FindLiveObjects: 0.102300 ms CreateObjectMapping: 0.029400 ms MarkObjects: 1.888600 ms  DeleteObjects: 0.017100 ms)

AssetImportParameters requested are different than current active one (requested -> active):
  custom:framework-win-MediaFoundation: 216162199b28c13a410421893ffa2e32 -> 
  custom:video-decoder-ogg-theora: a1e56fd34408186e4bbccfd4996cb3dc -> 
  custom:container-muxer-webm: aa71ff27fc2769a1b78a27578f13a17b -> 
  custom:container-demuxer-webm: 4f35f7cbe854078d1ac9338744f61a02 -> 
  custom:container-demuxer-ogg: 62fdf1f143b41e24485cea50d1cbac27 -> 
  custom:video-encoder-webm-vp8: eb34c28f22e8b96e1ab97ce403110664 -> 
  custom:video-codec-MediaFoundation-h265: 746d11721c4dcdbdad8f713fa42b33f4 -> 
  custom:video-decoder-webm-vp8: 9c59270c3fd7afecdb556c50c9e8de78 -> 
  custom:audio-decoder-ogg-vorbis: bf7c407c2cedff20999df2af8eb42d56 -> 
  custom:audio-encoder-webm-vorbis: bf7c407c2cedff20999df2af8eb42d56 -> 
========================================================================
Received Import Request.
  Time since last request: 111.140187 seconds.
  path: Assets/3D/Prefabs/3D/Wheel/L Spider wheel.prefab
  artifactKey: Guid(e20525b708a804c4fa2ad2213b44dcfe) Importer(815301076,1909f56bfc062723c751e8b465ee728b)
Start importing Assets/3D/Prefabs/3D/Wheel/L Spider wheel.prefab using Guid(e20525b708a804c4fa2ad2213b44dcfe) Importer(815301076,1909f56bfc062723c751e8b465ee728b)  -> (artifact id: '70fb1fcf164e9bfb70dc88a77b9dd72d') in 0.192622 seconds 
========================================================================
Received Prepare
Registering precompiled user dll's ...
Registered in 0.001504 seconds.
Begin MonoManager ReloadAssembly
Native extension for WindowsStandalone target not found
Refreshing native plugins compatible for Editor in 0.33 ms, found 2 plugins.
Preloading 0 native plugins for Editor in 0.00 ms.
Mono: successfully reloaded assembly
- Completed reload, in  0.720 seconds
Domain Reload Profiling:
	ReloadAssembly (720ms)
		BeginReloadAssembly (92ms)
			ExecutionOrderSort (0ms)
			DisableScriptedObjects (4ms)
			BackupInstance (0ms)
			ReleaseScriptingObjects (0ms)
			CreateAndSetChildDomain (28ms)
		EndReloadAssembly (583ms)
			LoadAssemblies (69ms)
			RebuildTransferFunctionScriptingTraits (0ms)
			SetupTypeCache (183ms)
			ReleaseScriptCaches (1ms)
			RebuildScriptCaches (37ms)
			SetupLoadedEditorAssemblies (231ms)
				LogAssemblyErrors (0ms)
				InitializePlatformSupportModulesInManaged (4ms)
				SetLoadedEditorAssemblies (0ms)
				RefreshPlugins (0ms)
				BeforeProcessingInitializeOnLoad (60ms)
				ProcessInitializeOnLoadAttributes (154ms)
				ProcessInitializeOnLoadMethodAttributes (8ms)
				AfterProcessingInitializeOnLoad (5ms)
				EditorAssembliesLoaded (0ms)
			ExecutionOrderSort2 (0ms)
			AwakeInstancesAfterBackupRestoration (5ms)
Platform modules already initialized, skipping
Refreshing native plugins compatible for Editor in 0.34 ms, found 2 plugins.
Preloading 0 native plugins for Editor in 0.00 ms.
Unloading 1556 Unused Serialized files (Serialized files now loaded: 0)
System memory in use before: 86.8 MB.
System memory in use after: 86.9 MB.

Unloading 12 unused Assets to reduce memory usage. Loaded Objects now: 2089.
Total: 2.421500 ms (FindLiveObjects: 0.126200 ms CreateObjectMapping: 0.036800 ms MarkObjects: 2.237400 ms  DeleteObjects: 0.020400 ms)

AssetImportParameters requested are different than current active one (requested -> active):
  custom:framework-win-MediaFoundation: 216162199b28c13a410421893ffa2e32 -> 
  custom:video-decoder-ogg-theora: a1e56fd34408186e4bbccfd4996cb3dc -> 
  custom:container-muxer-webm: aa71ff27fc2769a1b78a27578f13a17b -> 
  custom:container-demuxer-webm: 4f35f7cbe854078d1ac9338744f61a02 -> 
  custom:container-demuxer-ogg: 62fdf1f143b41e24485cea50d1cbac27 -> 
  custom:video-encoder-webm-vp8: eb34c28f22e8b96e1ab97ce403110664 -> 
  custom:video-codec-MediaFoundation-h265: 746d11721c4dcdbdad8f713fa42b33f4 -> 
  custom:video-decoder-webm-vp8: 9c59270c3fd7afecdb556c50c9e8de78 -> 
  custom:audio-decoder-ogg-vorbis: bf7c407c2cedff20999df2af8eb42d56 -> 
  custom:audio-encoder-webm-vorbis: bf7c407c2cedff20999df2af8eb42d56 -> 
========================================================================
Received Prepare
Registering precompiled user dll's ...
Registered in 0.001180 seconds.
Begin MonoManager ReloadAssembly
Native extension for WindowsStandalone target not found
Refreshing native plugins compatible for Editor in 0.31 ms, found 2 plugins.
Preloading 0 native plugins for Editor in 0.00 ms.
Mono: successfully reloaded assembly
- Completed reload, in  0.619 seconds
Domain Reload Profiling:
	ReloadAssembly (619ms)
		BeginReloadAssembly (81ms)
			ExecutionOrderSort (0ms)
			DisableScriptedObjects (3ms)
			BackupInstance (0ms)
			ReleaseScriptingObjects (0ms)
			CreateAndSetChildDomain (22ms)
		EndReloadAssembly (498ms)
			LoadAssemblies (61ms)
			RebuildTransferFunctionScriptingTraits (0ms)
			SetupTypeCache (155ms)
			ReleaseScriptCaches (1ms)
			RebuildScriptCaches (29ms)
			SetupLoadedEditorAssemblies (204ms)
				LogAssemblyErrors (0ms)
				InitializePlatformSupportModulesInManaged (3ms)
				SetLoadedEditorAssemblies (0ms)
				RefreshPlugins (0ms)
				BeforeProcessingInitializeOnLoad (51ms)
				ProcessInitializeOnLoadAttributes (138ms)
				ProcessInitializeOnLoadMethodAttributes (6ms)
				AfterProcessingInitializeOnLoad (4ms)
				EditorAssembliesLoaded (0ms)
			ExecutionOrderSort2 (0ms)
			AwakeInstancesAfterBackupRestoration (5ms)
Platform modules already initialized, skipping
Refreshing native plugins compatible for Editor in 0.33 ms, found 2 plugins.
Preloading 0 native plugins for Editor in 0.00 ms.
Unloading 1556 Unused Serialized files (Serialized files now loaded: 0)
System memory in use before: 86.8 MB.
System memory in use after: 86.9 MB.

Unloading 11 unused Assets to reduce memory usage. Loaded Objects now: 2091.
Total: 2.052200 ms (FindLiveObjects: 0.121000 ms CreateObjectMapping: 0.035900 ms MarkObjects: 1.879200 ms  DeleteObjects: 0.015400 ms)

AssetImportParameters requested are different than current active one (requested -> active):
  custom:framework-win-MediaFoundation: 216162199b28c13a410421893ffa2e32 -> 
  custom:video-decoder-ogg-theora: a1e56fd34408186e4bbccfd4996cb3dc -> 
  custom:container-muxer-webm: aa71ff27fc2769a1b78a27578f13a17b -> 
  custom:container-demuxer-webm: 4f35f7cbe854078d1ac9338744f61a02 -> 
  custom:container-demuxer-ogg: 62fdf1f143b41e24485cea50d1cbac27 -> 
  custom:video-encoder-webm-vp8: eb34c28f22e8b96e1ab97ce403110664 -> 
  custom:video-codec-MediaFoundation-h265: 746d11721c4dcdbdad8f713fa42b33f4 -> 
  custom:video-decoder-webm-vp8: 9c59270c3fd7afecdb556c50c9e8de78 -> 
  custom:audio-decoder-ogg-vorbis: bf7c407c2cedff20999df2af8eb42d56 -> 
  custom:audio-encoder-webm-vorbis: bf7c407c2cedff20999df2af8eb42d56 -> 
AssetImportWorkerClient::OnTransportError - code=2 error=End of file
